# JRE version: OpenJDK Runtime Environment (8.0_242-b01) (build 1.8.0_242-release-1644-b01)
# Java VM: OpenJDK 64-Bit Server VM (25.242-b01 mixed mode windows-amd64 compressed oops)
Heap:
 PSYoungGen      total 151552K, used 66620K [0x00000000d6780000, 0x00000000e4500000, 0x0000000100000000)
  eden space 136192K, 37% used [0x00000000d6780000,0x00000000d9991cd8,0x00000000dec80000)
  from space 15360K, 99% used [0x00000000e0300000,0x00000000e11fd6a8,0x00000000e1200000)
  to   space 23040K, 0% used [0x00000000dec80000,0x00000000dec80000,0x00000000e0300000)
 ParOldGen       total 109056K, used 29434K [0x0000000083600000, 0x000000008a080000, 0x00000000d6780000)
  object space 109056K, 26% used [0x0000000083600000,0x00000000852be978,0x000000008a080000)
 Metaspace       used 47828K, capacity 48762K, committed 49200K, reserved 1091584K
  class space    used 5856K, capacity 6092K, committed 6192K, reserved 1048576K
GC Heap History (10 events):
Event: 0.941 GC heap before
{Heap before GC invocations=4 (full 1):
 PSYoungGen      total 70656K, used 5092K [0x00000000d6780000, 0x00000000df180000, 0x0000000100000000)
  eden space 65536K, 0% used [0x00000000d6780000,0x00000000d6780000,0x00000000da780000)
  from space 5120K, 99% used [0x00000000da780000,0x00000000dac79020,0x00000000dac80000)
  to   space 5120K, 0% used [0x00000000dec80000,0x00000000dec80000,0x00000000df180000)
 ParOldGen       total 86016K, used 11764K [0x0000000083600000, 0x0000000088a00000, 0x00000000d6780000)
  object space 86016K, 13% used [0x0000000083600000,0x000000008417d120,0x0000000088a00000)
 Metaspace       used 20798K, capacity 21188K, committed 21296K, reserved 1069056K
  class space    used 2457K, capacity 2594K, committed 2608K, reserved 1048576K
Event: 0.963 GC heap after
Heap after GC invocations=4 (full 1):
 PSYoungGen      total 70656K, used 0K [0x00000000d6780000, 0x00000000df180000, 0x0000000100000000)
  eden space 65536K, 0% used [0x00000000d6780000,0x00000000d6780000,0x00000000da780000)
  from space 5120K, 0% used [0x00000000da780000,0x00000000da780000,0x00000000dac80000)
  to   space 5120K, 0% used [0x00000000dec80000,0x00000000dec80000,0x00000000df180000)
 ParOldGen       total 64512K, used 9226K [0x0000000083600000, 0x0000000087500000, 0x00000000d6780000)
  object space 64512K, 14% used [0x0000000083600000,0x0000000083f029f0,0x0000000087500000)
 Metaspace       used 20798K, capacity 21188K, committed 21296K, reserved 1069056K
  class space    used 2457K, capacity 2594K, committed 2608K, reserved 1048576K
}
Event: 1.598 GC heap before
{Heap before GC invocations=5 (full 1):
 PSYoungGen      total 70656K, used 65536K [0x00000000d6780000, 0x00000000df180000, 0x0000000100000000)
  eden space 65536K, 100% used [0x00000000d6780000,0x00000000da780000,0x00000000da780000)
  from space 5120K, 0% used [0x00000000da780000,0x00000000da780000,0x00000000dac80000)
  to   space 5120K, 0% used [0x00000000dec80000,0x00000000dec80000,0x00000000df180000)
 ParOldGen       total 64512K, used 9226K [0x0000000083600000, 0x0000000087500000, 0x00000000d6780000)
  object space 64512K, 14% used [0x0000000083600000,0x0000000083f029f0,0x0000000087500000)
 Metaspace       used 29652K, capacity 30191K, committed 30512K, reserved 1075200K
  class space    used 3604K, capacity 3769K, committed 3888K, reserved 1048576K
Event: 1.610 GC heap after
Heap after GC invocations=5 (full 1):
 PSYoungGen      total 102400K, used 5090K [0x00000000d6780000, 0x00000000df180000, 0x0000000100000000)
  eden space 97280K, 0% used [0x00000000d6780000,0x00000000d6780000,0x00000000dc680000)
  from space 5120K, 99% used [0x00000000dec80000,0x00000000df178918,0x00000000df180000)
  to   space 5120K, 0% used [0x00000000de780000,0x00000000de780000,0x00000000dec80000)
 ParOldGen       total 64512K, used 19962K [0x0000000083600000, 0x0000000087500000, 0x00000000d6780000)
  object space 64512K, 30% used [0x0000000083600000,0x000000008497e898,0x0000000087500000)
 Metaspace       used 29652K, capacity 30191K, committed 30512K, reserved 1075200K
  class space    used 3604K, capacity 3769K, committed 3888K, reserved 1048576K
}
Event: 1.943 GC heap before
{Heap before GC invocations=6 (full 1):
 PSYoungGen      total 102400K, used 33273K [0x00000000d6780000, 0x00000000df180000, 0x0000000100000000)
  eden space 97280K, 28% used [0x00000000d6780000,0x00000000d8305e10,0x00000000dc680000)
  from space 5120K, 99% used [0x00000000dec80000,0x00000000df178918,0x00000000df180000)
  to   space 5120K, 0% used [0x00000000de780000,0x00000000de780000,0x00000000dec80000)
 ParOldGen       total 64512K, used 19962K [0x0000000083600000, 0x0000000087500000, 0x00000000d6780000)
  object space 64512K, 30% used [0x0000000083600000,0x000000008497e898,0x0000000087500000)
 Metaspace       used 34708K, capacity 35238K, committed 35496K, reserved 1081344K
  class space    used 4422K, capacity 4586K, committed 4656K, reserved 1048576K
Event: 1.949 GC heap after
Heap after GC invocations=6 (full 1):
 PSYoungGen      total 136192K, used 5099K [0x00000000d6780000, 0x00000000e1200000, 0x0000000100000000)
  eden space 131072K, 0% used [0x00000000d6780000,0x00000000d6780000,0x00000000de780000)
  from space 5120K, 99% used [0x00000000de780000,0x00000000dec7add8,0x00000000dec80000)
  to   space 15360K, 0% used [0x00000000e0300000,0x00000000e0300000,0x00000000e1200000)
 ParOldGen       total 64512K, used 26394K [0x0000000083600000, 0x0000000087500000, 0x00000000d6780000)
  object space 64512K, 40% used [0x0000000083600000,0x0000000084fc6850,0x0000000087500000)
 Metaspace       used 34708K, capacity 35238K, committed 35496K, reserved 1081344K
  class space    used 4422K, capacity 4586K, committed 4656K, reserved 1048576K
}
Event: 1.949 GC heap before
{Heap before GC invocations=7 (full 2):
 PSYoungGen      total 136192K, used 5099K [0x00000000d6780000, 0x00000000e1200000, 0x0000000100000000)
  eden space 131072K, 0% used [0x00000000d6780000,0x00000000d6780000,0x00000000de780000)
  from space 5120K, 99% used [0x00000000de780000,0x00000000dec7add8,0x00000000dec80000)
  to   space 15360K, 0% used [0x00000000e0300000,0x00000000e0300000,0x00000000e1200000)
 ParOldGen       total 64512K, used 26394K [0x0000000083600000, 0x0000000087500000, 0x00000000d6780000)
  object space 64512K, 40% used [0x0000000083600000,0x0000000084fc6850,0x0000000087500000)
 Metaspace       used 34708K, capacity 35238K, committed 35496K, reserved 1081344K
  class space    used 4422K, capacity 4586K, committed 4656K, reserved 1048576K
Event: 1.989 GC heap after
Heap after GC invocations=7 (full 2):
 PSYoungGen      total 136192K, used 0K [0x00000000d6780000, 0x00000000e1200000, 0x0000000100000000)
  eden space 131072K, 0% used [0x00000000d6780000,0x00000000d6780000,0x00000000de780000)
  from space 5120K, 0% used [0x00000000de780000,0x00000000de780000,0x00000000dec80000)
  to   space 15360K, 0% used [0x00000000e0300000,0x00000000e0300000,0x00000000e1200000)
 ParOldGen       total 109056K, used 18997K [0x0000000083600000, 0x000000008a080000, 0x00000000d6780000)
  object space 109056K, 17% used [0x0000000083600000,0x000000008488d458,0x000000008a080000)
 Metaspace       used 34708K, capacity 35238K, committed 35496K, reserved 1081344K
  class space    used 4422K, capacity 4586K, committed 4656K, reserved 1048576K
}
Event: 3.382 GC heap before
{Heap before GC invocations=8 (full 2):
 PSYoungGen      total 136192K, used 131072K [0x00000000d6780000, 0x00000000e1200000, 0x0000000100000000)
  eden space 131072K, 100% used [0x00000000d6780000,0x00000000de780000,0x00000000de780000)
  from space 5120K, 0% used [0x00000000de780000,0x00000000de780000,0x00000000dec80000)
  to   space 15360K, 0% used [0x00000000e0300000,0x00000000e0300000,0x00000000e1200000)
 ParOldGen       total 109056K, used 18997K [0x0000000083600000, 0x000000008a080000, 0x00000000d6780000)
  object space 109056K, 17% used [0x0000000083600000,0x000000008488d458,0x000000008a080000)
 Metaspace       used 43811K, capacity 44580K, committed 44848K, reserved 1089536K
  class space    used 5352K, capacity 5563K, committed 5680K, reserved 1048576K
Event: 3.402 GC heap after
Heap after GC invocations=8 (full 2):
 PSYoungGen      total 151552K, used 15349K [0x00000000d6780000, 0x00000000e4500000, 0x0000000100000000)
  eden space 136192K, 0% used [0x00000000d6780000,0x00000000d6780000,0x00000000dec80000)
  from space 15360K, 99% used [0x00000000e0300000,0x00000000e11fd6a8,0x00000000e1200000)
  to   space 23040K, 0% used [0x00000000dec80000,0x00000000dec80000,0x00000000e0300000)
 ParOldGen       total 109056K, used 29434K [0x0000000083600000, 0x000000008a080000, 0x00000000d6780000)
  object space 109056K, 26% used [0x0000000083600000,0x00000000852be978,0x000000008a080000)
 Metaspace       used 43811K, capacity 44580K, committed 44848K, reserved 1089536K
  class space    used 5352K, capacity 5563K, committed 5680K, reserved 1048576K
}

